Using pre-set license
Built from '2020.3/china_unity/release' branch; Version is '2020.3.3f1c1 (a34b99c2c582) revision 10701721'; Using compiler version '192528614'; Build Type 'Release'
OS: 'Windows 10 Pro; OS build 19041.450; Version 2004; 64bit' Language: 'zh' Physical Memory: 16315 MB
BatchMode: 1, IsHumanControllingUs: 0, StartBugReporterOnCrash: 0, Is64bit: 1, IsPro: 0

 COMMAND LINE ARGUMENTS:
D:\Unity\2020.3.3f1c1\Editor\Unity.exe
-adb2
-batchMode
-noUpm
-name
AssetImportWorker0
-projectPath
E:/UnityProject/ViolaTricolor
-logFile
Logs/AssetImportWorker0.log
-srvPort
53541
Successfully changed project path to: E:/UnityProject/ViolaTricolor
E:/UnityProject/ViolaTricolor
Using Asset Import Pipeline V2.
Refreshing native plugins compatible for Editor in 32.19 ms, found 1 plugins.
Preloading 0 native plugins for Editor in 0.00 ms.
Initialize engine version: 2020.3.3f1c1 (a34b99c2c582)
[Subsystems] Discovering subsystems at path D:/Unity/2020.3.3f1c1/Editor/Data/Resources/UnitySubsystems
[Subsystems] Discovering subsystems at path E:/UnityProject/ViolaTricolor/Assets
GfxDevice: creating device client; threaded=0
Direct3D:
    Version:  Direct3D 11.0 [level 11.1]
    Renderer: NVIDIA GeForce GTX 960 (ID=0x1401)
    Vendor:   
    VRAM:     2007 MB
    Driver:   26.21.14.4587
Initialize mono
Mono path[0] = 'D:/Unity/2020.3.3f1c1/Editor/Data/Managed'
Mono path[1] = 'D:/Unity/2020.3.3f1c1/Editor/Data/MonoBleedingEdge/lib/mono/unityjit'
Mono config path = 'D:/Unity/2020.3.3f1c1/Editor/Data/MonoBleedingEdge/etc'
Using monoOptions --debugger-agent=transport=dt_socket,embedding=1,server=y,suspend=n,address=127.0.0.1:56976
Begin MonoManager ReloadAssembly
Registering precompiled unity dll's ...
Register platform support module: D:/Unity/2020.3.3f1c1/Editor/Data/PlaybackEngines/WindowsStandaloneSupport/UnityEditor.WindowsStandalone.Extensions.dll
Registered in 0.000727 seconds.
Native extension for WindowsStandalone target not found
Refreshing native plugins compatible for Editor in 32.41 ms, found 1 plugins.
Preloading 0 native plugins for Editor in 0.00 ms.
Invoked RoslynAnalysisRunner static constructor.
RoslynAnalysisRunner will not be running.
RoslynAnalysisRunner has terminated.
Mono: successfully reloaded assembly
- Completed reload, in  1.010 seconds
Platform modules already initialized, skipping
Registering precompiled user dll's ...
Registered in 0.001110 seconds.
Begin MonoManager ReloadAssembly
Native extension for WindowsStandalone target not found
Refreshing native plugins compatible for Editor in 34.07 ms, found 1 plugins.
Preloading 0 native plugins for Editor in 0.00 ms.
Invoked RoslynAnalysisRunner static constructor.
RoslynAnalysisRunner will not be running.
RoslynAnalysisRunner has terminated.
Mono: successfully reloaded assembly
- Completed reload, in  0.833 seconds
Platform modules already initialized, skipping
========================================================================
Worker process is ready to serve import requests
Launched and connected shader compiler UnityShaderCompiler.exe after 0.03 seconds
Refreshing native plugins compatible for Editor in 0.73 ms, found 1 plugins.
Preloading 0 native plugins for Editor in 0.00 ms.
Unloading 2023 Unused Serialized files (Serialized files now loaded: 0)
System memory in use before: 91.8 MB.
System memory in use after: 91.9 MB.

Unloading 19 unused Assets to reduce memory usage. Loaded Objects now: 2472.
Total: 2.035700 ms (FindLiveObjects: 0.311200 ms CreateObjectMapping: 0.093900 ms MarkObjects: 1.564200 ms  DeleteObjects: 0.064600 ms)

========================================================================
Received Import Request.
  path: Assets/Scripts/Frame/DialogSystem
  artifactKey: Guid(183cb61cc30bde24399c28b777a10021) Importer(815301076,1909f56bfc062723c751e8b465ee728b)
Start importing Assets/Scripts/Frame/DialogSystem using Guid(183cb61cc30bde24399c28b777a10021) Importer(815301076,1909f56bfc062723c751e8b465ee728b)  -> (artifact id: '9c379ba71456c1891e30b58cad465a31') in 0.003844 seconds
  Import took 0.007123 seconds .

========================================================================
Received Import Request.
  Time since last request: 0.000155 seconds.
  path: Assets/Scripts/Frame/DialogSystem/Editor/DialogEditorWindow.cs
  artifactKey: Guid(136ac2354816d7d43808b68bd796ec6b) Importer(815301076,1909f56bfc062723c751e8b465ee728b)
Start importing Assets/Scripts/Frame/DialogSystem/Editor/DialogEditorWindow.cs using Guid(136ac2354816d7d43808b68bd796ec6b) Importer(815301076,1909f56bfc062723c751e8b465ee728b)  -> (artifact id: '63877992661aadf933a68a732e0b73ab') in 0.014191 seconds
  Import took 0.032209 seconds .

========================================================================
Received Import Request.
  Time since last request: 0.000169 seconds.
  path: Assets/Scripts/Frame/DialogSystem/DialogAssets
  artifactKey: Guid(ddb8cc8a666cbeb41b97336e025f0089) Importer(815301076,1909f56bfc062723c751e8b465ee728b)
Start importing Assets/Scripts/Frame/DialogSystem/DialogAssets using Guid(ddb8cc8a666cbeb41b97336e025f0089) Importer(815301076,1909f56bfc062723c751e8b465ee728b)  -> (artifact id: 'faaf260d3c59e72cac92830ea492385d') in 0.000842 seconds
  Import took 0.003383 seconds .

========================================================================
Received Import Request.
  Time since last request: 135.590733 seconds.
  path: Assets/Scripts/Frame/DialogSystem/Editor/DialogEditorWindow.cs
  artifactKey: Guid(136ac2354816d7d43808b68bd796ec6b) Importer(815301076,1909f56bfc062723c751e8b465ee728b)
Start importing Assets/Scripts/Frame/DialogSystem/Editor/DialogEditorWindow.cs using Guid(136ac2354816d7d43808b68bd796ec6b) Importer(815301076,1909f56bfc062723c751e8b465ee728b)  -> (artifact id: '41db60672d3bc2b1d00802d875f659b4') in 0.001044 seconds
  Import took 0.004369 seconds .

========================================================================
Received Prepare
Registering precompiled user dll's ...
Registered in 0.001049 seconds.
Begin MonoManager ReloadAssembly
Native extension for WindowsStandalone target not found
Refreshing native plugins compatible for Editor in 0.38 ms, found 1 plugins.
Preloading 0 native plugins for Editor in 0.00 ms.
Invoked RoslynAnalysisRunner static constructor.
RoslynAnalysisRunner will not be running.
RoslynAnalysisRunner has terminated.
Mono: successfully reloaded assembly
- Completed reload, in  0.741 seconds
Platform modules already initialized, skipping
Refreshing native plugins compatible for Editor in 0.36 ms, found 1 plugins.
Preloading 0 native plugins for Editor in 0.00 ms.
Unloading 1997 Unused Serialized files (Serialized files now loaded: 0)
System memory in use before: 91.2 MB.
System memory in use after: 91.3 MB.

Unloading 12 unused Assets to reduce memory usage. Loaded Objects now: 2475.
Total: 1.704600 ms (FindLiveObjects: 0.199200 ms CreateObjectMapping: 0.069100 ms MarkObjects: 1.420800 ms  DeleteObjects: 0.014700 ms)

========================================================================
Received Prepare
Registering precompiled user dll's ...
Registered in 0.001079 seconds.
Begin MonoManager ReloadAssembly
Native extension for WindowsStandalone target not found
Refreshing native plugins compatible for Editor in 0.39 ms, found 1 plugins.
Preloading 0 native plugins for Editor in 0.00 ms.
Invoked RoslynAnalysisRunner static constructor.
RoslynAnalysisRunner will not be running.
RoslynAnalysisRunner has terminated.
Mono: successfully reloaded assembly
- Completed reload, in  0.737 seconds
Platform modules already initialized, skipping
Refreshing native plugins compatible for Editor in 0.33 ms, found 1 plugins.
Preloading 0 native plugins for Editor in 0.00 ms.
Unloading 1997 Unused Serialized files (Serialized files now loaded: 0)
System memory in use before: 91.2 MB.
System memory in use after: 91.3 MB.

Unloading 12 unused Assets to reduce memory usage. Loaded Objects now: 2478.
Total: 1.827900 ms (FindLiveObjects: 0.224200 ms CreateObjectMapping: 0.074300 ms MarkObjects: 1.514300 ms  DeleteObjects: 0.014100 ms)

========================================================================
Received Prepare
Registering precompiled user dll's ...
Registered in 0.001073 seconds.
Begin MonoManager ReloadAssembly
Native extension for WindowsStandalone target not found
Refreshing native plugins compatible for Editor in 0.39 ms, found 1 plugins.
Preloading 0 native plugins for Editor in 0.00 ms.
Invoked RoslynAnalysisRunner static constructor.
RoslynAnalysisRunner will not be running.
RoslynAnalysisRunner has terminated.
Mono: successfully reloaded assembly
- Completed reload, in  0.730 seconds
Platform modules already initialized, skipping
Refreshing native plugins compatible for Editor in 0.29 ms, found 1 plugins.
Preloading 0 native plugins for Editor in 0.00 ms.
Unloading 1997 Unused Serialized files (Serialized files now loaded: 0)
System memory in use before: 91.2 MB.
System memory in use after: 91.3 MB.

Unloading 12 unused Assets to reduce memory usage. Loaded Objects now: 2481.
Total: 1.877800 ms (FindLiveObjects: 0.288000 ms CreateObjectMapping: 0.094300 ms MarkObjects: 1.481100 ms  DeleteObjects: 0.013100 ms)

========================================================================
Received Prepare
Registering precompiled user dll's ...
Registered in 0.001107 seconds.
Begin MonoManager ReloadAssembly
Native extension for WindowsStandalone target not found
Refreshing native plugins compatible for Editor in 0.40 ms, found 1 plugins.
Preloading 0 native plugins for Editor in 0.00 ms.
Invoked RoslynAnalysisRunner static constructor.
RoslynAnalysisRunner will not be running.
RoslynAnalysisRunner has terminated.
Mono: successfully reloaded assembly
- Completed reload, in  0.738 seconds
Platform modules already initialized, skipping
Refreshing native plugins compatible for Editor in 0.35 ms, found 1 plugins.
Preloading 0 native plugins for Editor in 0.00 ms.
Unloading 1997 Unused Serialized files (Serialized files now loaded: 0)
System memory in use before: 91.3 MB.
System memory in use after: 91.4 MB.

Unloading 12 unused Assets to reduce memory usage. Loaded Objects now: 2484.
Total: 1.794400 ms (FindLiveObjects: 0.234300 ms CreateObjectMapping: 0.078600 ms MarkObjects: 1.462500 ms  DeleteObjects: 0.018000 ms)

========================================================================
Received Import Request.
  Time since last request: 1835.574395 seconds.
  path: Assets/GameAssets/Prefabs/UGUI/UINoteBookPanel/UINoteBookPanel.prefab
  artifactKey: Guid(b0a411dbab2fd8644828d5af54771acd) Importer(815301076,1909f56bfc062723c751e8b465ee728b)
Start importing Assets/GameAssets/Prefabs/UGUI/UINoteBookPanel/UINoteBookPanel.prefab using Guid(b0a411dbab2fd8644828d5af54771acd) Importer(815301076,1909f56bfc062723c751e8b465ee728b)  -> (artifact id: '3594dadbfd173706956bbdf0ad102c21') in 0.257028 seconds
  Import took 0.260194 seconds .

========================================================================
Received Import Request.
  Time since last request: 17.551595 seconds.
  path: Assets/GameAssets/Prefabs/UGUI/UINoteBookPanel/UIPageItem.prefab
  artifactKey: Guid(f2bc959b7c8ae9e46ba4d1742ac5510c) Importer(815301076,1909f56bfc062723c751e8b465ee728b)
Start importing Assets/GameAssets/Prefabs/UGUI/UINoteBookPanel/UIPageItem.prefab using Guid(f2bc959b7c8ae9e46ba4d1742ac5510c) Importer(815301076,1909f56bfc062723c751e8b465ee728b)  -> (artifact id: 'dc916c84ab3b7e4889eb90b4d3ad8e57') in 0.002441 seconds
  Import took 0.016846 seconds .

========================================================================
Received Import Request.
  Time since last request: 13.349360 seconds.
  path: Assets/GameAssets/Prefabs/UGUI/UINoteBookPanel/UIPageItem.prefab
  artifactKey: Guid(f2bc959b7c8ae9e46ba4d1742ac5510c) Importer(815301076,1909f56bfc062723c751e8b465ee728b)
Start importing Assets/GameAssets/Prefabs/UGUI/UINoteBookPanel/UIPageItem.prefab using Guid(f2bc959b7c8ae9e46ba4d1742ac5510c) Importer(815301076,1909f56bfc062723c751e8b465ee728b)  -> (artifact id: 'cdaa8d753730505d58109ad1e3797a5f') in 0.002497 seconds
  Import took 0.015550 seconds .

========================================================================
Received Import Request.
  Time since last request: 4.643791 seconds.
  path: Assets/GameAssets/Prefabs/UGUI/UINoteBookPanel/UIPageItem.prefab
  artifactKey: Guid(f2bc959b7c8ae9e46ba4d1742ac5510c) Importer(815301076,1909f56bfc062723c751e8b465ee728b)
Start importing Assets/GameAssets/Prefabs/UGUI/UINoteBookPanel/UIPageItem.prefab using Guid(f2bc959b7c8ae9e46ba4d1742ac5510c) Importer(815301076,1909f56bfc062723c751e8b465ee728b)  -> (artifact id: 'ca653b836a5f60719c4cb252b101dddb') in 0.002455 seconds
  Import took 0.024616 seconds .

========================================================================
Received Import Request.
  Time since last request: 13.749614 seconds.
  path: Assets/GameAssets/Prefabs/UGUI/UINoteBookPanel/UIPageItem.prefab
  artifactKey: Guid(f2bc959b7c8ae9e46ba4d1742ac5510c) Importer(815301076,1909f56bfc062723c751e8b465ee728b)
Start importing Assets/GameAssets/Prefabs/UGUI/UINoteBookPanel/UIPageItem.prefab using Guid(f2bc959b7c8ae9e46ba4d1742ac5510c) Importer(815301076,1909f56bfc062723c751e8b465ee728b)  -> (artifact id: 'f270a2240d97c66e483650b3d0b1c1e7') in 0.002498 seconds
  Import took 0.005977 seconds .

========================================================================
Received Import Request.
  Time since last request: 10.459088 seconds.
  path: Assets/GameAssets/Prefabs/UGUI/UINoteBookPanel/UIPageItem.prefab
  artifactKey: Guid(f2bc959b7c8ae9e46ba4d1742ac5510c) Importer(815301076,1909f56bfc062723c751e8b465ee728b)
Start importing Assets/GameAssets/Prefabs/UGUI/UINoteBookPanel/UIPageItem.prefab using Guid(f2bc959b7c8ae9e46ba4d1742ac5510c) Importer(815301076,1909f56bfc062723c751e8b465ee728b)  -> (artifact id: '8f10abc41d195f4db0bf7c906858fe5c') in 0.003582 seconds
  Import took 0.015215 seconds .

========================================================================
Received Import Request.
  Time since last request: 436.181781 seconds.
  path: Assets/GameAssets/Prefabs/UGUI/UINoteBookPanel/Image.prefab
  artifactKey: Guid(6d739c7b916e89d4b932e4e4428ec35a) Importer(815301076,1909f56bfc062723c751e8b465ee728b)
Start importing Assets/GameAssets/Prefabs/UGUI/UINoteBookPanel/Image.prefab using Guid(6d739c7b916e89d4b932e4e4428ec35a) Importer(815301076,1909f56bfc062723c751e8b465ee728b)  -> (artifact id: 'f07264a3d345b5c4d1cabdb4c2d5a685') in 0.002590 seconds
  Import took 0.005955 seconds .

========================================================================
Received Import Request.
  Time since last request: 19.886544 seconds.
  path: Assets/GameAssets/Prefabs/UGUI/UINoteBookPanel/UIContentItem.prefab
  artifactKey: Guid(6d739c7b916e89d4b932e4e4428ec35a) Importer(815301076,1909f56bfc062723c751e8b465ee728b)
Start importing Assets/GameAssets/Prefabs/UGUI/UINoteBookPanel/UIContentItem.prefab using Guid(6d739c7b916e89d4b932e4e4428ec35a) Importer(815301076,1909f56bfc062723c751e8b465ee728b)  -> (artifact id: '2f3701fe695837352fb29461fb7f3209') in 0.001963 seconds
  Import took 0.004779 seconds .

========================================================================
Received Prepare
Registering precompiled user dll's ...
Registered in 0.001103 seconds.
Begin MonoManager ReloadAssembly
Native extension for WindowsStandalone target not found
Refreshing native plugins compatible for Editor in 0.38 ms, found 1 plugins.
Preloading 0 native plugins for Editor in 0.00 ms.
Invoked RoslynAnalysisRunner static constructor.
RoslynAnalysisRunner will not be running.
RoslynAnalysisRunner has terminated.
Mono: successfully reloaded assembly
- Completed reload, in  0.737 seconds
Platform modules already initialized, skipping
Refreshing native plugins compatible for Editor in 0.39 ms, found 1 plugins.
Preloading 0 native plugins for Editor in 0.00 ms.
Unloading 1997 Unused Serialized files (Serialized files now loaded: 0)
System memory in use before: 91.4 MB.
System memory in use after: 91.5 MB.

Unloading 13 unused Assets to reduce memory usage. Loaded Objects now: 2489.
Total: 1.763500 ms (FindLiveObjects: 0.227200 ms CreateObjectMapping: 0.077900 ms MarkObjects: 1.435700 ms  DeleteObjects: 0.021800 ms)

========================================================================
Received Import Request.
  Time since last request: 179.662915 seconds.
  path: Assets/Scripts/UGUI/UINoteBookPanel/UICatalogPanel.cs
  artifactKey: Guid(31edd3559cfa50048925c905597cc404) Importer(815301076,1909f56bfc062723c751e8b465ee728b)
Start importing Assets/Scripts/UGUI/UINoteBookPanel/UICatalogPanel.cs using Guid(31edd3559cfa50048925c905597cc404) Importer(815301076,1909f56bfc062723c751e8b465ee728b)  -> (artifact id: '6fe0eda9a9e95dfd6e56dea5ae4c066b') in 0.003736 seconds
  Import took 0.007061 seconds .

========================================================================
Received Import Request.
  Time since last request: 0.000199 seconds.
  path: Assets/Scripts/UGUI/UINoteBookPanel/UICatalogPanel.cs
  artifactKey: Guid(31edd3559cfa50048925c905597cc404) Importer(815301076,1909f56bfc062723c751e8b465ee728b)
Start importing Assets/Scripts/UGUI/UINoteBookPanel/UICatalogPanel.cs using Guid(31edd3559cfa50048925c905597cc404) Importer(815301076,1909f56bfc062723c751e8b465ee728b)  -> (artifact id: '6fe0eda9a9e95dfd6e56dea5ae4c066b') in 0.000800 seconds
  Import took 0.003315 seconds .

========================================================================
Received Import Request.
  Time since last request: 3.589751 seconds.
  path: Assets/Scripts/UGUI/UINoteBookPanel/UIContentItem.cs
  artifactKey: Guid(3ae0f4e275951d64ebc9cd8997078a89) Importer(815301076,1909f56bfc062723c751e8b465ee728b)
Start importing Assets/Scripts/UGUI/UINoteBookPanel/UIContentItem.cs using Guid(3ae0f4e275951d64ebc9cd8997078a89) Importer(815301076,1909f56bfc062723c751e8b465ee728b)  -> (artifact id: '2fef22bc12944533cd21a6ea19f52848') in 0.000994 seconds
  Import took 0.016139 seconds .

========================================================================
Received Import Request.
  Time since last request: 0.003065 seconds.
  path: Assets/Scripts/UGUI/UINoteBookPanel/UIContentItem.cs
  artifactKey: Guid(3ae0f4e275951d64ebc9cd8997078a89) Importer(815301076,1909f56bfc062723c751e8b465ee728b)
Start importing Assets/Scripts/UGUI/UINoteBookPanel/UIContentItem.cs using Guid(3ae0f4e275951d64ebc9cd8997078a89) Importer(815301076,1909f56bfc062723c751e8b465ee728b)  -> (artifact id: '2fef22bc12944533cd21a6ea19f52848') in 0.000998 seconds
  Import took 0.004055 seconds .

========================================================================
Received Prepare
Registering precompiled user dll's ...
Registered in 0.001220 seconds.
Begin MonoManager ReloadAssembly
Native extension for WindowsStandalone target not found
Refreshing native plugins compatible for Editor in 0.39 ms, found 1 plugins.
Preloading 0 native plugins for Editor in 0.00 ms.
Invoked RoslynAnalysisRunner static constructor.
RoslynAnalysisRunner will not be running.
RoslynAnalysisRunner has terminated.
Mono: successfully reloaded assembly
- Completed reload, in  0.738 seconds
Platform modules already initialized, skipping
Refreshing native plugins compatible for Editor in 0.37 ms, found 1 plugins.
Preloading 0 native plugins for Editor in 0.00 ms.
Unloading 1998 Unused Serialized files (Serialized files now loaded: 0)
System memory in use before: 91.4 MB.
System memory in use after: 91.5 MB.

Unloading 12 unused Assets to reduce memory usage. Loaded Objects now: 2493.
Total: 1.771600 ms (FindLiveObjects: 0.233800 ms CreateObjectMapping: 0.079000 ms MarkObjects: 1.443400 ms  DeleteObjects: 0.014000 ms)

========================================================================
Received Import Request.
  Time since last request: 368.681798 seconds.
  path: Assets/Scripts/UGUI/UINoteBookPanel/UIContentItem.cs
  artifactKey: Guid(3ae0f4e275951d64ebc9cd8997078a89) Importer(815301076,1909f56bfc062723c751e8b465ee728b)
Start importing Assets/Scripts/UGUI/UINoteBookPanel/UIContentItem.cs using Guid(3ae0f4e275951d64ebc9cd8997078a89) Importer(815301076,1909f56bfc062723c751e8b465ee728b)  -> (artifact id: '1c29d5c4c79b55e979041dbcc9684090') in 0.003302 seconds
  Import took 0.006194 seconds .

========================================================================
Received Import Request.
  Time since last request: 73.644935 seconds.
  path: Assets/GameAssets/Prefabs/UGUI/UINoteBookPanel/BookPro.prefab
  artifactKey: Guid(fbceeeb0383f58f4ba7b9ea3d11fd9db) Importer(815301076,1909f56bfc062723c751e8b465ee728b)
Start importing Assets/GameAssets/Prefabs/UGUI/UINoteBookPanel/BookPro.prefab using Guid(fbceeeb0383f58f4ba7b9ea3d11fd9db) Importer(815301076,1909f56bfc062723c751e8b465ee728b)  -> (artifact id: 'a9f2c58e2e69353f342a6d28c68e35f5') in 0.025517 seconds
  Import took 0.028675 seconds .

========================================================================
Received Import Request.
  Time since last request: 0.113280 seconds.
  path: Assets/GameAssets/Prefabs/UGUI/UINoteBookPanel/BookPro.prefab
  artifactKey: Guid(fbceeeb0383f58f4ba7b9ea3d11fd9db) Importer(815301076,1909f56bfc062723c751e8b465ee728b)
Start importing Assets/GameAssets/Prefabs/UGUI/UINoteBookPanel/BookPro.prefab using Guid(fbceeeb0383f58f4ba7b9ea3d11fd9db) Importer(815301076,1909f56bfc062723c751e8b465ee728b)  -> (artifact id: 'a9f2c58e2e69353f342a6d28c68e35f5') in 0.002718 seconds
  Import took 0.005533 seconds .

========================================================================
Received Import Request.
  Time since last request: 98.005160 seconds.
  path: Assets/GameAssets/Prefabs/UGUI/UINoteBookPanel/UINoteBookPanel.prefab
  artifactKey: Guid(b0a411dbab2fd8644828d5af54771acd) Importer(815301076,1909f56bfc062723c751e8b465ee728b)
Start importing Assets/GameAssets/Prefabs/UGUI/UINoteBookPanel/UINoteBookPanel.prefab using Guid(b0a411dbab2fd8644828d5af54771acd) Importer(815301076,1909f56bfc062723c751e8b465ee728b)  -> (artifact id: 'c7b0dbbc2e730ba515e25f238c0fd0dd') in 0.016108 seconds
  Import took 0.019650 seconds .

========================================================================
Received Import Request.
  Time since last request: 0.116446 seconds.
  path: Assets/GameAssets/Prefabs/UGUI/UINoteBookPanel/UINoteBookPanel.prefab
  artifactKey: Guid(b0a411dbab2fd8644828d5af54771acd) Importer(815301076,1909f56bfc062723c751e8b465ee728b)
Start importing Assets/GameAssets/Prefabs/UGUI/UINoteBookPanel/UINoteBookPanel.prefab using Guid(b0a411dbab2fd8644828d5af54771acd) Importer(815301076,1909f56bfc062723c751e8b465ee728b)  -> (artifact id: 'c7b0dbbc2e730ba515e25f238c0fd0dd') in 0.004694 seconds
  Import took 0.007931 seconds .

========================================================================
Received Prepare
Registering precompiled user dll's ...
Registered in 0.001263 seconds.
Begin MonoManager ReloadAssembly
Native extension for WindowsStandalone target not found
Refreshing native plugins compatible for Editor in 0.40 ms, found 1 plugins.
Preloading 0 native plugins for Editor in 0.00 ms.
Invoked RoslynAnalysisRunner static constructor.
RoslynAnalysisRunner will not be running.
RoslynAnalysisRunner has terminated.
Mono: successfully reloaded assembly
- Completed reload, in  0.750 seconds
Platform modules already initialized, skipping
Refreshing native plugins compatible for Editor in 0.46 ms, found 1 plugins.
Preloading 0 native plugins for Editor in 0.00 ms.
Unloading 1998 Unused Serialized files (Serialized files now loaded: 0)
System memory in use before: 91.4 MB.
System memory in use after: 91.5 MB.

Unloading 13 unused Assets to reduce memory usage. Loaded Objects now: 2496.
Total: 1.771000 ms (FindLiveObjects: 0.212000 ms CreateObjectMapping: 0.071700 ms MarkObjects: 1.463600 ms  DeleteObjects: 0.022800 ms)

AssetImportWorkerClient::OnTransportError - code=2 error=End of file
