Using pre-set license
Built from '2020.3/china_unity/release' branch; Version is '2020.3.3f1c1 (a34b99c2c582) revision 10701721'; Using compiler version '192528614'; Build Type 'Release'
OS: 'Windows 10 Enterprise; OS build 19042.928; Version 2009; 64bit' Language: 'zh' Physical Memory: 8038 MB
BatchMode: 1, IsHumanControllingUs: 0, StartBugReporterOnCrash: 0, Is64bit: 1, IsPro: 0

 COMMAND LINE ARGUMENTS:
D:\Unity\2020.3.3f1c1\Editor\Unity.exe
-adb2
-batchMode
-noUpm
-name
AssetImportWorker0
-projectPath
D:/U3Dgongcheng/ViolaTricolor
-logFile
Logs/AssetImportWorker0.log
-srvPort
60746
Successfully changed project path to: D:/U3Dgongcheng/ViolaTricolor
D:/U3Dgongcheng/ViolaTricolor
Using Asset Import Pipeline V2.
Refreshing native plugins compatible for Editor in 178.03 ms, found 1 plugins.
Preloading 0 native plugins for Editor in 0.00 ms.
Initialize engine version: 2020.3.3f1c1 (a34b99c2c582)
[Subsystems] Discovering subsystems at path D:/Unity/2020.3.3f1c1/Editor/Data/Resources/UnitySubsystems
[Subsystems] Discovering subsystems at path D:/U3Dgongcheng/ViolaTricolor/Assets
GfxDevice: creating device client; threaded=0
Direct3D:
    Version:  Direct3D 11.0 [level 11.1]
    Renderer: NVIDIA GeForce GTX 1050 Ti (ID=0x1c8c)
    Vendor:   
    VRAM:     4018 MB
    Driver:   25.21.14.1967
Initialize mono
Mono path[0] = 'D:/Unity/2020.3.3f1c1/Editor/Data/Managed'
Mono path[1] = 'D:/Unity/2020.3.3f1c1/Editor/Data/MonoBleedingEdge/lib/mono/unityjit'
Mono config path = 'D:/Unity/2020.3.3f1c1/Editor/Data/MonoBleedingEdge/etc'
Using monoOptions --debugger-agent=transport=dt_socket,embedding=1,server=y,suspend=n,address=127.0.0.1:56996
Begin MonoManager ReloadAssembly
Registering precompiled unity dll's ...
Register platform support module: D:/Unity/2020.3.3f1c1/Editor/Data/PlaybackEngines/WindowsStandaloneSupport/UnityEditor.WindowsStandalone.Extensions.dll
Registered in 0.003355 seconds.
Native extension for WindowsStandalone target not found
Refreshing native plugins compatible for Editor in 149.38 ms, found 1 plugins.
Preloading 0 native plugins for Editor in 0.00 ms.
Invoked RoslynAnalysisRunner static constructor.
RoslynAnalysisRunner will not be running.
RoslynAnalysisRunner has terminated.
Mono: successfully reloaded assembly
- Completed reload, in  7.688 seconds
Platform modules already initialized, skipping
Registering precompiled user dll's ...
Registered in 0.005446 seconds.
Begin MonoManager ReloadAssembly
Native extension for WindowsStandalone target not found
Refreshing native plugins compatible for Editor in 109.39 ms, found 1 plugins.
Preloading 0 native plugins for Editor in 0.00 ms.
Invoked RoslynAnalysisRunner static constructor.
RoslynAnalysisRunner will not be running.
RoslynAnalysisRunner has terminated.
Mono: successfully reloaded assembly
- Completed reload, in  3.233 seconds
Platform modules already initialized, skipping
========================================================================
Worker process is ready to serve import requests
Launched and connected shader compiler UnityShaderCompiler.exe after 0.09 seconds
Refreshing native plugins compatible for Editor in 0.75 ms, found 1 plugins.
Preloading 0 native plugins for Editor in 0.00 ms.
Unloading 2025 Unused Serialized files (Serialized files now loaded: 0)
System memory in use before: 91.9 MB.
System memory in use after: 92.0 MB.

Unloading 19 unused Assets to reduce memory usage. Loaded Objects now: 2475.
Total: 5.829000 ms (FindLiveObjects: 0.474600 ms CreateObjectMapping: 0.237400 ms MarkObjects: 4.983000 ms  DeleteObjects: 0.131600 ms)

========================================================================
Received Import Request.
  path: Assets/GameAssets/Prefabs
  artifactKey: Guid(f69cb2c274d7cab419545131b21ee998) Importer(815301076,1909f56bfc062723c751e8b465ee728b)
Start importing Assets/GameAssets/Prefabs using Guid(f69cb2c274d7cab419545131b21ee998) Importer(815301076,1909f56bfc062723c751e8b465ee728b)  -> (artifact id: '8396dbb6fd983ef38bed361fbbc8b7db') in 0.019838 seconds
  Import took 0.161576 seconds .

========================================================================
Received Import Request.
  Time since last request: 0.000613 seconds.
  path: Assets/GameAssets/Prefabs/UGUI/UIDialogPanel/UIDialogPanel.prefab
  artifactKey: Guid(361e6876915435c47ab81b785cdf0919) Importer(815301076,1909f56bfc062723c751e8b465ee728b)
Start importing Assets/GameAssets/Prefabs/UGUI/UIDialogPanel/UIDialogPanel.prefab using Guid(361e6876915435c47ab81b785cdf0919) Importer(815301076,1909f56bfc062723c751e8b465ee728b)  -> (artifact id: '971c74d39c1a87095945f7c0bac18a8f') in 0.282643 seconds
  Import took 0.309090 seconds .

========================================================================
Received Import Request.
  Time since last request: 121.964212 seconds.
  path: Assets/GameAssets/Pictures/UI/UIDialogPanel/效果图.png
  artifactKey: Guid(9fa455e5614fcd04988bcdba9d76c765) Importer(815301076,1909f56bfc062723c751e8b465ee728b)
Start importing Assets/GameAssets/Pictures/UI/UIDialogPanel/效果图.png using Guid(9fa455e5614fcd04988bcdba9d76c765) Importer(815301076,1909f56bfc062723c751e8b465ee728b)  -> (artifact id: 'bfe51bff4df50ec426603b39f60e31cd') in 0.227315 seconds
  Import took 0.252574 seconds .

========================================================================
Received Import Request.
  Time since last request: 91.292696 seconds.
  path: Assets/GameAssets/Pictures/UI/UIDialogPanel/ui_dialog_bg_talk.png
  artifactKey: Guid(7509f3f9edc13a2499d33ac3e7aa7146) Importer(815301076,1909f56bfc062723c751e8b465ee728b)
Start importing Assets/GameAssets/Pictures/UI/UIDialogPanel/ui_dialog_bg_talk.png using Guid(7509f3f9edc13a2499d33ac3e7aa7146) Importer(815301076,1909f56bfc062723c751e8b465ee728b)  -> (artifact id: '0225d05d27c4d757cd3579e3b09c170c') in 0.056183 seconds
  Import took 0.072731 seconds .

========================================================================
Received Import Request.
  Time since last request: 2.218146 seconds.
  path: Assets/GameAssets/Pictures/UI/UIDialogPanel/ui_dialog_bg_talk.png
  artifactKey: Guid(7509f3f9edc13a2499d33ac3e7aa7146) Importer(815301076,1909f56bfc062723c751e8b465ee728b)
Start importing Assets/GameAssets/Pictures/UI/UIDialogPanel/ui_dialog_bg_talk.png using Guid(7509f3f9edc13a2499d33ac3e7aa7146) Importer(815301076,1909f56bfc062723c751e8b465ee728b)  -> (artifact id: '0225d05d27c4d757cd3579e3b09c170c') in 0.023014 seconds
  Import took 0.033102 seconds .

========================================================================
Received Import Request.
  Time since last request: 7.365275 seconds.
  path: Assets/GameAssets/Pictures/UI/UIDialogPanel/ui_dialog_btn_save.png
  artifactKey: Guid(6812399abdd21e044886c5b94e0e6816) Importer(815301076,1909f56bfc062723c751e8b465ee728b)
Start importing Assets/GameAssets/Pictures/UI/UIDialogPanel/ui_dialog_btn_save.png using Guid(6812399abdd21e044886c5b94e0e6816) Importer(815301076,1909f56bfc062723c751e8b465ee728b)  -> (artifact id: '84908ee0c5e64fd68e6ccffb8c605934') in 0.030327 seconds
  Import took 0.038467 seconds .

========================================================================
Received Import Request.
  Time since last request: 23.046844 seconds.
  path: Assets/GameAssets/Pictures/UI/UIDialogPanel/ui_dialog_btn_load.png
  artifactKey: Guid(fdef85c696db08e4bbd539f144f5a032) Importer(815301076,1909f56bfc062723c751e8b465ee728b)
Start importing Assets/GameAssets/Pictures/UI/UIDialogPanel/ui_dialog_btn_load.png using Guid(fdef85c696db08e4bbd539f144f5a032) Importer(815301076,1909f56bfc062723c751e8b465ee728b)  -> (artifact id: 'd8deba564feda014062266b3aad9b246') in 0.028258 seconds
  Import took 0.043749 seconds .

========================================================================
Received Import Request.
  Time since last request: 14.936591 seconds.
  path: Assets/GameAssets/Pictures/UI/UIDialogPanel/ui_dialog_btn_log.png
  artifactKey: Guid(e93b304d33123fc4c8944808d254aac3) Importer(815301076,1909f56bfc062723c751e8b465ee728b)
Start importing Assets/GameAssets/Pictures/UI/UIDialogPanel/ui_dialog_btn_log.png using Guid(e93b304d33123fc4c8944808d254aac3) Importer(815301076,1909f56bfc062723c751e8b465ee728b)  -> (artifact id: 'c7cc291f376a649d3043f776000f0a16') in 0.037730 seconds
  Import took 0.061150 seconds .

AssetImportWorkerClient::OnTransportError - code=2 error=End of file
